java.lang.ArrayIndexOutOfBoundsException: Index -2147483648 out of bounds for length 354
  com.virtuslab.using_directives.custom.CustomCharArrayReader.nextChar(CustomCharArrayReader.java:29)
  com.virtuslab.using_directives.custom.Scanner.lambda$skipComment$5(Scanner.java:298)
  com.virtuslab.using_directives.custom.Scanner.skipComment(Scanner.java:308)
  com.virtuslab.using_directives.custom.Scanner.doFetchToken(Scanner.java:187)
  com.virtuslab.using_directives.custom.Scanner.fetchToken(Scanner.java:144)
  com.virtuslab.using_directives.custom.Scanner.nextToken(Scanner.java:98)
  com.virtuslab.using_directives.custom.Scanner.<init>(Scanner.java:27)
  com.virtuslab.using_directives.custom.Parser.<init>(Parser.java:20)
  com.virtuslab.using_directives.UsingDirectivesProcessor.extract(UsingDirectivesProcessor.java:34)
  scala.build.preprocessing.ExtractedDirectives$.from(ExtractedDirectives.scala:48)
  scala.build.preprocessing.ScalaPreprocessor$.process$$anonfun$1(ScalaPreprocessor.scala:196)
  scala.build.EitherCps$Helper.apply(EitherCps.scala:19)
  scala.build.preprocessing.ScalaPreprocessor$.process(ScalaPreprocessor.scala:210)
  scala.build.preprocessing.ScalaPreprocessor$.$anonfun$1(ScalaPreprocessor.scala:71)
  scala.build.EitherCps$Helper.apply(EitherCps.scala:19)
  scala.build.preprocessing.ScalaPreprocessor$.preprocess(ScalaPreprocessor.scala:115)
  scala.build.CrossSources$.preprocessSources$1$$anonfun$1$$anonfun$1(CrossSources.scala:180)
  scala.collection.Iterator$$anon$10.nextCur(Iterator.scala:594)
  scala.collection.Iterator$$anon$10.hasNext(Iterator.scala:608)
  scala.collection.Iterator$SliceIterator.hasNext(Iterator.scala:1240)
  scala.collection.immutable.List.prependedAll(List.scala:152)
  scala.collection.IterableOnceOps.toList(IterableOnce.scala:1446)
  scala.collection.IterableOnceOps.toList$(IterableOnce.scala:1446)
  scala.collection.AbstractIterator.toList(Iterator.scala:1303)
  scala.build.CrossSources$.preprocessSources$1$$anonfun$1(CrossSources.scala:182)
  scala.collection.immutable.List.map(List.scala:247)
  scala.collection.immutable.List.map(List.scala:79)
  scala.build.CrossSources$.preprocessSources$1(CrossSources.scala:185)
  scala.build.CrossSources$.forInputs$$anonfun$1(CrossSources.scala:204)
  scala.build.EitherCps$Helper.apply(EitherCps.scala:19)
  scala.build.CrossSources$.forInputs(CrossSources.scala:376)
  scala.cli.commands.bsp.Bsp$.$anonfun$4$$anonfun$1(Bsp.scala:88)
  scala.build.EitherCps$Helper.apply(EitherCps.scala:19)
  scala.cli.commands.bsp.Bsp$.$anonfun$4(Bsp.scala:104)
  scala.cli.commands.bsp.Bsp$.runCommand(Bsp.scala:106)
  scala.cli.commands.bsp.Bsp$.runCommand(Bsp.scala:55)
  scala.cli.commands.ScalaCommand.run(ScalaCommand.scala:379)
  scala.cli.commands.ScalaCommand.run(ScalaCommand.scala:361)
  caseapp.core.app.CaseApp.main(CaseApp.scala:157)
  scala.cli.commands.ScalaCommand.main(ScalaCommand.scala:346)
  caseapp.core.app.CommandsEntryPoint.main(CommandsEntryPoint.scala:166)
  scala.cli.ScalaCliCommands.main(ScalaCliCommands.scala:125)
  scala.cli.ScalaCli$.main0(ScalaCli.scala:286)
  scala.cli.ScalaCli$.main(ScalaCli.scala:116)
  scala.cli.ScalaCli.main(ScalaCli.scala)
